<?xml version="1.0" encoding="UTF-8"?>
<testng-results ignored="0" total="1" passed="1" failed="0" skipped="0">
  <reporter-output>
  </reporter-output>
  <suite started-at="2023-08-07T13:22:41 BRT" name="Default suite" finished-at="2023-08-07T13:22:41 BRT" duration-ms="104">
    <groups>
    </groups>
    <test started-at="2023-08-07T13:22:41 BRT" name="Default test" finished-at="2023-08-07T13:22:41 BRT" duration-ms="104">
      <class name="log.LoggerTestNG">
        <test-method is-config="true" signature="setUp()[pri:0, instance:log.LoggerTestNG@662b4c69]" started-at="2023-08-07T13:22:41 BRT" name="setUp" finished-at="2023-08-07T13:22:41 BRT" duration-ms="10" status="PASS">
          <reporter-output>
          </reporter-output>
        </test-method> <!-- setUp -->
        <test-method signature="testLogMessage()[pri:0, instance:log.LoggerTestNG@662b4c69]" started-at="2023-08-07T13:22:41 BRT" name="testLogMessage" finished-at="2023-08-07T13:22:41 BRT" duration-ms="63" status="PASS">
          <reporter-output>
          </reporter-output>
        </test-method> <!-- testLogMessage -->
        <test-method is-config="true" signature="tearDown()[pri:0, instance:log.LoggerTestNG@662b4c69]" started-at="2023-08-07T13:22:41 BRT" name="tearDown" finished-at="2023-08-07T13:22:41 BRT" duration-ms="1" status="PASS">
          <reporter-output>
          </reporter-output>
        </test-method> <!-- tearDown -->
      </class> <!-- log.LoggerTestNG -->
    </test> <!-- Default test -->
  </suite> <!-- Default suite -->
</testng-results>
